<?xml version="1.0" encoding="UTF-8"?>
<testng-results total="1" passed="1" failed="0" skipped="0">
  <reporter-output>
  </reporter-output>
  <suite started-at="2019-11-17T17:25:57Z" name="Demo Parallel test suite" finished-at="2019-11-17T17:26:10Z" duration-ms="13327">
    <groups>
      <group name="Database Test">
        <method signature="FirstTest.verifyHomePage_1(java.lang.reflect.Method)[pri:0, instance:FirstTest@3d0f8e03]" name="verifyHomePage_1" class="FirstTest"/>
      </group> <!-- Database Test -->
    </groups>
    <test started-at="2019-11-17T17:25:57Z" name="Demo Test Runner " finished-at="2019-11-17T17:26:10Z" duration-ms="13327">
      <class name="FirstTest">
        <test-method signature="verifyHomePage_1(java.lang.reflect.Method)[pri:0, instance:FirstTest@3d0f8e03]" started-at="2019-11-17T12:25:57Z" name="verifyHomePage_1" description="TC001: Verify IBIS Home Page" finished-at="2019-11-17T12:26:10Z" duration-ms="13268" status="PASS">
          <params>
            <param index="0">
              <value>
                <![CDATA[public void FirstTest.verifyHomePage_1(java.lang.reflect.Method) throws java.lang.InterruptedException,java.lang.ClassNotFoundException]]>
              </value>
            </param>
          </params>
          <reporter-output>
          </reporter-output>
        </test-method> <!-- verifyHomePage_1 -->
      </class> <!-- FirstTest -->
    </test> <!-- Demo Test Runner  -->
  </suite> <!-- Demo Parallel test suite -->
</testng-results>
